[0529/173828.469:ERROR:process_reader_win.cc(123)] NtOpenThread: {액세스 거부} 프로세스가 개체에 액세스를 요구했지만 액세스 권한이 없습니다. (0xc0000022)
[0529/173828.470:ERROR:exception_snapshot_win.cc(98)] thread ID 21232 not found in process
[0529/173828.478:ERROR:process_reader_win.cc(123)] NtOpenThread: {액세스 거부} 프로세스가 개체에 액세스를 요구했지만 액세스 권한이 없습니다. (0xc0000022)
[0529/173828.478:ERROR:exception_snapshot_win.cc(98)] thread ID 6748 not found in process
[0529/173828.501:ERROR:process_reader_win.cc(123)] NtOpenThread: {액세스 거부} 프로세스가 개체에 액세스를 요구했지만 액세스 권한이 없습니다. (0xc0000022)
[0529/173828.502:ERROR:exception_snapshot_win.cc(98)] thread ID 6196 not found in process
[0529/173828.502:ERROR:scoped_process_suspend.cc(40)] NtResumeProcess: 기존 프로세스에 액세스하려고 했습니다. (0xc000010a)
[0602/081721.255:ERROR:process_reader_win.cc(123)] NtOpenThread: {액세스 거부} 프로세스가 개체에 액세스를 요구했지만 액세스 권한이 없습니다. (0xc0000022)
[0602/081721.256:ERROR:exception_snapshot_win.cc(98)] thread ID 18656 not found in process
[0602/081721.271:ERROR:process_reader_win.cc(123)] NtOpenThread: {액세스 거부} 프로세스가 개체에 액세스를 요구했지만 액세스 권한이 없습니다. (0xc0000022)
[0602/081721.271:ERROR:exception_snapshot_win.cc(98)] thread ID 13300 not found in process
[0602/081721.278:ERROR:process_reader_win.cc(123)] NtOpenThread: {액세스 거부} 프로세스가 개체에 액세스를 요구했지만 액세스 권한이 없습니다. (0xc0000022)
[0602/081721.279:ERROR:exception_snapshot_win.cc(98)] thread ID 17344 not found in process
[0602/081721.286:ERROR:process_reader_win.cc(123)] NtOpenThread: {액세스 거부} 프로세스가 개체에 액세스를 요구했지만 액세스 권한이 없습니다. (0xc0000022)
[0602/081721.286:ERROR:exception_snapshot_win.cc(98)] thread ID 15732 not found in process
[0602/081858.700:ERROR:process_reader_win.cc(151)] SuspendThread: 액세스가 거부되었습니다. (0x5)
[0602/081858.702:ERROR:process_reader_win.cc(123)] NtOpenThread: {액세스 거부} 프로세스가 개체에 액세스를 요구했지만 액세스 권한이 없습니다. (0xc0000022)
[0602/081858.703:ERROR:exception_snapshot_win.cc(98)] thread ID 22524 not found in process
[0602/081858.702:ERROR:process_reader_win.cc(151)] SuspendThread: 액세스가 거부되었습니다. (0x5)
[0602/081858.704:ERROR:process_reader_win.cc(151)] SuspendThread: 액세스가 거부되었습니다. (0x5)
[0602/081858.704:ERROR:process_reader_win.cc(151)] SuspendThread: 액세스가 거부되었습니다. (0x5)
[0602/081858.704:ERROR:process_reader_win.cc(123)] NtOpenThread: {액세스 거부} 프로세스가 개체에 액세스를 요구했지만 액세스 권한이 없습니다. (0xc0000022)
[0602/081858.705:ERROR:exception_snapshot_win.cc(98)] thread ID 14976 not found in process
[0602/081858.703:ERROR:process_reader_win.cc(151)] SuspendThread: 액세스가 거부되었습니다. (0x5)
[0602/081858.706:ERROR:process_reader_win.cc(151)] SuspendThread: 액세스가 거부되었습니다. (0x5)
[0602/081858.706:ERROR:process_reader_win.cc(151)] SuspendThread: 액세스가 거부되었습니다. (0x5)
[0602/081858.706:ERROR:process_reader_win.cc(151)] SuspendThread: 액세스가 거부되었습니다. (0x5)
[0602/081858.706:ERROR:process_reader_win.cc(151)] SuspendThread: 액세스가 거부되었습니다. (0x5)
[0602/081858.706:ERROR:process_reader_win.cc(123)] NtOpenThread: {액세스 거부} 프로세스가 개체에 액세스를 요구했지만 액세스 권한이 없습니다. (0xc0000022)
[0602/081858.707:ERROR:exception_snapshot_win.cc(98)] thread ID 20100 not found in process
[0602/081858.708:ERROR:process_reader_win.cc(123)] NtOpenThread: {액세스 거부} 프로세스가 개체에 액세스를 요구했지만 액세스 권한이 없습니다. (0xc0000022)
[0602/081858.708:ERROR:exception_snapshot_win.cc(98)] thread ID 19880 not found in process
[0608/174510.155:ERROR:process_reader_win.cc(151)] SuspendThread: 액세스가 거부되었습니다. (0x5)
[0608/174510.156:ERROR:process_reader_win.cc(151)] SuspendThread: 액세스가 거부되었습니다. (0x5)
[0608/174510.156:ERROR:process_reader_win.cc(151)] SuspendThread: 액세스가 거부되었습니다. (0x5)
[0608/174510.156:ERROR:process_reader_win.cc(151)] SuspendThread: 액세스가 거부되었습니다. (0x5)
[0608/174510.156:ERROR:process_reader_win.cc(151)] SuspendThread: 액세스가 거부되었습니다. (0x5)
[0608/174510.156:ERROR:process_reader_win.cc(123)] NtOpenThread: {액세스 거부} 프로세스가 개체에 액세스를 요구했지만 액세스 권한이 없습니다. (0xc0000022)
[0608/174510.157:ERROR:exception_snapshot_win.cc(98)] thread ID 1376 not found in process
[0608/174510.210:ERROR:process_reader_win.cc(123)] NtOpenThread: {액세스 거부} 프로세스가 개체에 액세스를 요구했지만 액세스 권한이 없습니다. (0xc0000022)
[0608/174510.210:ERROR:exception_snapshot_win.cc(98)] thread ID 18876 not found in process
[0608/174510.220:ERROR:process_reader_win.cc(123)] NtOpenThread: {액세스 거부} 프로세스가 개체에 액세스를 요구했지만 액세스 권한이 없습니다. (0xc0000022)
[0608/174510.220:ERROR:exception_snapshot_win.cc(98)] thread ID 22184 not found in process
[0608/180423.557:ERROR:process_reader_win.cc(123)] NtOpenThread: {액세스 거부} 프로세스가 개체에 액세스를 요구했지만 액세스 권한이 없습니다. (0xc0000022)
[0608/180423.558:ERROR:exception_snapshot_win.cc(98)] thread ID 22724 not found in process
[0608/180423.569:ERROR:process_info.cc(329)] VirtualQueryEx: 액세스가 거부되었습니다. (0x5)
[0608/180423.570:ERROR:process_info.cc(556)] ReadMemoryInfo failed
[0608/180423.570:ERROR:process_memory_win.cc(39)] Failed to initialize ProcessInfo.
[0608/180423.570:ERROR:scoped_process_suspend.cc(40)] NtResumeProcess: 기존 프로세스에 액세스하려고 했습니다. (0xc000010a)
[0612/105531.715:ERROR:process_reader_win.cc(123)] NtOpenThread: {액세스 거부} 프로세스가 개체에 액세스를 요구했지만 액세스 권한이 없습니다. (0xc0000022)
[0612/105531.717:ERROR:exception_snapshot_win.cc(98)] thread ID 10856 not found in process
[0612/105531.735:ERROR:process_info.cc(329)] VirtualQueryEx: 액세스가 거부되었습니다. (0x5)
[0612/105531.735:ERROR:process_info.cc(556)] ReadMemoryInfo failed
[0612/105531.735:ERROR:process_memory_win.cc(39)] Failed to initialize ProcessInfo.
[0612/105531.735:ERROR:scoped_process_suspend.cc(40)] NtResumeProcess: 기존 프로세스에 액세스하려고 했습니다. (0xc000010a)
[0612/111804.060:ERROR:process_reader_win.cc(151)] SuspendThread: 액세스가 거부되었습니다. (0x5)
[0612/111804.061:ERROR:process_reader_win.cc(151)] SuspendThread: 액세스가 거부되었습니다. (0x5)
[0612/111804.061:ERROR:process_reader_win.cc(151)] SuspendThread: 액세스가 거부되었습니다. (0x5)
[0612/111804.062:ERROR:process_reader_win.cc(151)] SuspendThread: 액세스가 거부되었습니다. (0x5)
[0612/111804.062:ERROR:process_reader_win.cc(123)] NtOpenThread: {액세스 거부} 프로세스가 개체에 액세스를 요구했지만 액세스 권한이 없습니다. (0xc0000022)
[0612/111804.062:ERROR:exception_snapshot_win.cc(98)] thread ID 17744 not found in process
[0612/111804.084:ERROR:process_reader_win.cc(151)] SuspendThread: 액세스가 거부되었습니다. (0x5)
[0612/111804.084:ERROR:process_reader_win.cc(151)] SuspendThread: 액세스가 거부되었습니다. (0x5)
[0612/111804.084:ERROR:process_reader_win.cc(123)] NtOpenThread: {액세스 거부} 프로세스가 개체에 액세스를 요구했지만 액세스 권한이 없습니다. (0xc0000022)
[0612/111804.084:ERROR:exception_snapshot_win.cc(98)] thread ID 8940 not found in process
[0612/111804.143:ERROR:process_reader_win.cc(123)] NtOpenThread: {액세스 거부} 프로세스가 개체에 액세스를 요구했지만 액세스 권한이 없습니다. (0xc0000022)
[0612/111804.143:ERROR:exception_snapshot_win.cc(98)] thread ID 15824 not found in process
[0615/131601.884:ERROR:process_reader_win.cc(123)] NtOpenThread: {액세스 거부} 프로세스가 개체에 액세스를 요구했지만 액세스 권한이 없습니다. (0xc0000022)
[0615/131601.885:ERROR:exception_snapshot_win.cc(98)] thread ID 1116 not found in process
[0615/131601.902:ERROR:process_info.cc(329)] VirtualQueryEx: 액세스가 거부되었습니다. (0x5)
[0615/131601.902:ERROR:process_info.cc(556)] ReadMemoryInfo failed
[0615/131601.902:ERROR:process_memory_win.cc(39)] Failed to initialize ProcessInfo.
[0615/131601.902:ERROR:scoped_process_suspend.cc(40)] NtResumeProcess: 기존 프로세스에 액세스하려고 했습니다. (0xc000010a)
[0615/131808.623:ERROR:process_reader_win.cc(123)] NtOpenThread: {액세스 거부} 프로세스가 개체에 액세스를 요구했지만 액세스 권한이 없습니다. (0xc0000022)
[0615/131808.624:ERROR:exception_snapshot_win.cc(98)] thread ID 1000 not found in process
[0615/131808.652:ERROR:process_info.cc(329)] VirtualQueryEx: 액세스가 거부되었습니다. (0x5)
[0615/131808.652:ERROR:process_info.cc(556)] ReadMemoryInfo failed
[0615/131808.652:ERROR:process_memory_win.cc(39)] Failed to initialize ProcessInfo.
[0615/131808.652:ERROR:scoped_process_suspend.cc(40)] NtResumeProcess: 기존 프로세스에 액세스하려고 했습니다. (0xc000010a)
[0615/131913.511:ERROR:process_reader_win.cc(123)] NtOpenThread: {액세스 거부} 프로세스가 개체에 액세스를 요구했지만 액세스 권한이 없습니다. (0xc0000022)
[0615/131913.512:ERROR:exception_snapshot_win.cc(98)] thread ID 19928 not found in process
[0615/131913.537:ERROR:process_reader_win.cc(123)] NtOpenThread: {액세스 거부} 프로세스가 개체에 액세스를 요구했지만 액세스 권한이 없습니다. (0xc0000022)
[0615/131913.537:ERROR:exception_snapshot_win.cc(98)] thread ID 20332 not found in process
[0615/131913.537:ERROR:scoped_process_suspend.cc(40)] NtResumeProcess: 기존 프로세스에 액세스하려고 했습니다. (0xc000010a)
[0615/131913.547:ERROR:process_reader_win.cc(123)] NtOpenThread: {액세스 거부} 프로세스가 개체에 액세스를 요구했지만 액세스 권한이 없습니다. (0xc0000022)
[0615/131913.547:ERROR:exception_snapshot_win.cc(98)] thread ID 15104 not found in process
[0615/132027.859:ERROR:process_reader_win.cc(123)] NtOpenThread: {액세스 거부} 프로세스가 개체에 액세스를 요구했지만 액세스 권한이 없습니다. (0xc0000022)
[0615/132027.860:ERROR:exception_snapshot_win.cc(98)] thread ID 16200 not found in process
[0615/132027.888:ERROR:process_info.cc(329)] VirtualQueryEx: 액세스가 거부되었습니다. (0x5)
[0615/132027.888:ERROR:process_info.cc(556)] ReadMemoryInfo failed
[0615/132027.888:ERROR:process_memory_win.cc(39)] Failed to initialize ProcessInfo.
[0615/132027.888:ERROR:scoped_process_suspend.cc(40)] NtResumeProcess: 기존 프로세스에 액세스하려고 했습니다. (0xc000010a)
[0615/132302.145:ERROR:process_reader_win.cc(123)] NtOpenThread: {액세스 거부} 프로세스가 개체에 액세스를 요구했지만 액세스 권한이 없습니다. (0xc0000022)
[0615/132302.146:ERROR:exception_snapshot_win.cc(98)] thread ID 18792 not found in process
[0615/132302.173:ERROR:process_info.cc(329)] VirtualQueryEx: 액세스가 거부되었습니다. (0x5)
[0615/132302.174:ERROR:process_info.cc(556)] ReadMemoryInfo failed
[0615/132302.174:ERROR:process_memory_win.cc(39)] Failed to initialize ProcessInfo.
[0615/132302.174:ERROR:scoped_process_suspend.cc(40)] NtResumeProcess: 기존 프로세스에 액세스하려고 했습니다. (0xc000010a)
[0615/132352.842:ERROR:process_reader_win.cc(123)] NtOpenThread: {액세스 거부} 프로세스가 개체에 액세스를 요구했지만 액세스 권한이 없습니다. (0xc0000022)
[0615/132352.846:ERROR:exception_snapshot_win.cc(98)] thread ID 9596 not found in process
[0615/132352.859:ERROR:process_info.cc(329)] VirtualQueryEx: 액세스가 거부되었습니다. (0x5)
[0615/132352.859:ERROR:process_info.cc(556)] ReadMemoryInfo failed
[0615/132352.859:ERROR:process_memory_win.cc(39)] Failed to initialize ProcessInfo.
[0615/132352.859:ERROR:scoped_process_suspend.cc(40)] NtResumeProcess: 기존 프로세스에 액세스하려고 했습니다. (0xc000010a)
[0706/160228.880:ERROR:process_reader_win.cc(123)] NtOpenThread: {액세스 거부} 프로세스가 개체에 액세스를 요구했지만 액세스 권한이 없습니다. (0xc0000022)
[0706/160228.882:ERROR:exception_snapshot_win.cc(98)] thread ID 18068 not found in process
[0706/160228.958:ERROR:process_reader_win.cc(123)] NtOpenThread: {액세스 거부} 프로세스가 개체에 액세스를 요구했지만 액세스 권한이 없습니다. (0xc0000022)
[0706/160228.959:ERROR:exception_snapshot_win.cc(98)] thread ID 5060 not found in process
[0706/160228.959:ERROR:scoped_process_suspend.cc(40)] NtResumeProcess: 기존 프로세스에 액세스하려고 했습니다. (0xc000010a)
[0731/145224.027:ERROR:process_reader_win.cc(123)] NtOpenThread: {액세스 거부} 프로세스가 개체에 액세스를 요구했지만 액세스 권한이 없습니다. (0xc0000022)
[0731/145224.028:ERROR:exception_snapshot_win.cc(98)] thread ID 13524 not found in process
[0731/145224.053:ERROR:process_info.cc(329)] VirtualQueryEx: 액세스가 거부되었습니다. (0x5)
[0731/145224.054:ERROR:process_info.cc(556)] ReadMemoryInfo failed
[0731/145224.054:ERROR:process_memory_win.cc(39)] Failed to initialize ProcessInfo.
[0731/145224.054:ERROR:scoped_process_suspend.cc(40)] NtResumeProcess: 기존 프로세스에 액세스하려고 했습니다. (0xc000010a)
[0811/130828.925:ERROR:process_reader_win.cc(123)] NtOpenThread: {액세스 거부} 프로세스가 개체에 액세스를 요구했지만 액세스 권한이 없습니다. (0xc0000022)
[0811/130828.926:ERROR:exception_snapshot_win.cc(98)] thread ID 11272 not found in process
[0811/130829.026:ERROR:process_reader_win.cc(123)] NtOpenThread: {액세스 거부} 프로세스가 개체에 액세스를 요구했지만 액세스 권한이 없습니다. (0xc0000022)
[0811/130829.026:ERROR:exception_snapshot_win.cc(98)] thread ID 20744 not found in process
[0812/133413.474:ERROR:process_reader_win.cc(123)] NtOpenThread: {액세스 거부} 프로세스가 개체에 액세스를 요구했지만 액세스 권한이 없습니다. (0xc0000022)
[0812/133413.478:ERROR:exception_snapshot_win.cc(98)] thread ID 6388 not found in process
[0812/133413.513:ERROR:process_info.cc(329)] VirtualQueryEx: 액세스가 거부되었습니다. (0x5)
[0812/133413.514:ERROR:process_info.cc(556)] ReadMemoryInfo failed
[0812/133413.514:ERROR:process_memory_win.cc(39)] Failed to initialize ProcessInfo.
[0812/133413.514:ERROR:scoped_process_suspend.cc(40)] NtResumeProcess: 기존 프로세스에 액세스하려고 했습니다. (0xc000010a)
[0907/162111.242:ERROR:process_reader_win.cc(123)] NtOpenThread: {액세스 거부} 프로세스가 개체에 액세스를 요구했지만 액세스 권한이 없습니다. (0xc0000022)
[0907/162111.247:ERROR:exception_snapshot_win.cc(99)] thread ID 15844 not found in process
[0907/162111.321:ERROR:process_reader_win.cc(123)] NtOpenThread: {액세스 거부} 프로세스가 개체에 액세스를 요구했지만 액세스 권한이 없습니다. (0xc0000022)
[0907/162111.321:ERROR:exception_snapshot_win.cc(99)] thread ID 15164 not found in process
[0907/162250.249:ERROR:process_reader_win.cc(123)] NtOpenThread: {액세스 거부} 프로세스가 개체에 액세스를 요구했지만 액세스 권한이 없습니다. (0xc0000022)
[0907/162250.250:ERROR:exception_snapshot_win.cc(99)] thread ID 7588 not found in process
[0907/162250.325:ERROR:process_reader_win.cc(123)] NtOpenThread: {액세스 거부} 프로세스가 개체에 액세스를 요구했지만 액세스 권한이 없습니다. (0xc0000022)
[0907/162250.325:ERROR:exception_snapshot_win.cc(99)] thread ID 12528 not found in process
[0907/162316.547:ERROR:process_reader_win.cc(123)] NtOpenThread: {액세스 거부} 프로세스가 개체에 액세스를 요구했지만 액세스 권한이 없습니다. (0xc0000022)
[0907/162316.548:ERROR:exception_snapshot_win.cc(99)] thread ID 9236 not found in process
[0907/162316.608:ERROR:process_reader_win.cc(123)] NtOpenThread: {액세스 거부} 프로세스가 개체에 액세스를 요구했지만 액세스 권한이 없습니다. (0xc0000022)
[0907/162316.609:ERROR:exception_snapshot_win.cc(99)] thread ID 16468 not found in process
[0907/162354.426:ERROR:process_reader_win.cc(123)] NtOpenThread: {액세스 거부} 프로세스가 개체에 액세스를 요구했지만 액세스 권한이 없습니다. (0xc0000022)
[0907/162354.426:ERROR:exception_snapshot_win.cc(99)] thread ID 15792 not found in process
[0907/162354.496:ERROR:process_reader_win.cc(123)] NtOpenThread: {액세스 거부} 프로세스가 개체에 액세스를 요구했지만 액세스 권한이 없습니다. (0xc0000022)
[0907/162354.497:ERROR:exception_snapshot_win.cc(99)] thread ID 17520 not found in process
[0907/162549.382:ERROR:process_reader_win.cc(123)] NtOpenThread: {액세스 거부} 프로세스가 개체에 액세스를 요구했지만 액세스 권한이 없습니다. (0xc0000022)
[0907/162549.383:ERROR:exception_snapshot_win.cc(99)] thread ID 16140 not found in process
[0907/162549.465:ERROR:process_reader_win.cc(123)] NtOpenThread: {액세스 거부} 프로세스가 개체에 액세스를 요구했지만 액세스 권한이 없습니다. (0xc0000022)
[0907/162549.465:ERROR:exception_snapshot_win.cc(99)] thread ID 6816 not found in process
[0910/121326.751:ERROR:process_reader_win.cc(123)] NtOpenThread: {액세스 거부} 프로세스가 개체에 액세스를 요구했지만 액세스 권한이 없습니다. (0xc0000022)
[0910/121326.753:ERROR:exception_snapshot_win.cc(99)] thread ID 14276 not found in process
[0910/121326.772:ERROR:process_reader_win.cc(123)] NtOpenThread: {액세스 거부} 프로세스가 개체에 액세스를 요구했지만 액세스 권한이 없습니다. (0xc0000022)
[0910/121326.772:ERROR:exception_snapshot_win.cc(99)] thread ID 12140 not found in process
[0910/124252.229:ERROR:process_reader_win.cc(123)] NtOpenThread: {액세스 거부} 프로세스가 개체에 액세스를 요구했지만 액세스 권한이 없습니다. (0xc0000022)
[0910/124252.229:ERROR:exception_snapshot_win.cc(99)] thread ID 9892 not found in process
[0910/124252.297:ERROR:process_reader_win.cc(123)] NtOpenThread: {액세스 거부} 프로세스가 개체에 액세스를 요구했지만 액세스 권한이 없습니다. (0xc0000022)
[0910/124252.297:ERROR:exception_snapshot_win.cc(99)] thread ID 5116 not found in process
[0910/130009.465:ERROR:process_reader_win.cc(123)] NtOpenThread: {액세스 거부} 프로세스가 개체에 액세스를 요구했지만 액세스 권한이 없습니다. (0xc0000022)
[0910/130009.466:ERROR:exception_snapshot_win.cc(99)] thread ID 8632 not found in process
[0910/130009.550:ERROR:process_reader_win.cc(123)] NtOpenThread: {액세스 거부} 프로세스가 개체에 액세스를 요구했지만 액세스 권한이 없습니다. (0xc0000022)
[0910/130009.550:ERROR:exception_snapshot_win.cc(99)] thread ID 7508 not found in process
[0917/133346.312:ERROR:process_reader_win.cc(123)] NtOpenThread: {액세스 거부} 프로세스가 개체에 액세스를 요구했지만 액세스 권한이 없습니다. (0xc0000022)
[0917/133346.313:ERROR:exception_snapshot_win.cc(99)] thread ID 17256 not found in process
[0917/133346.319:ERROR:process_reader_win.cc(123)] NtOpenThread: {액세스 거부} 프로세스가 개체에 액세스를 요구했지만 액세스 권한이 없습니다. (0xc0000022)
[0917/133346.320:ERROR:exception_snapshot_win.cc(99)] thread ID 11208 not found in process
[1007/131114.621:ERROR:process_reader_win.cc(123)] NtOpenThread: {액세스 거부} 프로세스가 개체에 액세스를 요구했지만 액세스 권한이 없습니다. (0xc0000022)
[1007/131114.622:ERROR:exception_snapshot_win.cc(99)] thread ID 16648 not found in process
[1007/131114.821:ERROR:process_reader_win.cc(123)] NtOpenThread: {액세스 거부} 프로세스가 개체에 액세스를 요구했지만 액세스 권한이 없습니다. (0xc0000022)
[1007/131114.822:ERROR:exception_snapshot_win.cc(99)] thread ID 23232 not found in process
[1007/131114.932:ERROR:process_reader_win.cc(123)] NtOpenThread: {액세스 거부} 프로세스가 개체에 액세스를 요구했지만 액세스 권한이 없습니다. (0xc0000022)
[1007/131114.932:ERROR:exception_snapshot_win.cc(99)] thread ID 18076 not found in process
[1026/174942.380:ERROR:process_reader_win.cc(123)] NtOpenThread: {액세스 거부} 프로세스가 개체에 액세스를 요구했지만 액세스 권한이 없습니다. (0xc0000022)
[1026/174942.381:ERROR:exception_snapshot_win.cc(99)] thread ID 18524 not found in process
[1026/174942.389:ERROR:process_reader_win.cc(123)] NtOpenThread: {액세스 거부} 프로세스가 개체에 액세스를 요구했지만 액세스 권한이 없습니다. (0xc0000022)
[1026/174942.389:ERROR:exception_snapshot_win.cc(99)] thread ID 4628 not found in process
[1026/174942.458:ERROR:process_reader_win.cc(123)] NtOpenThread: {액세스 거부} 프로세스가 개체에 액세스를 요구했지만 액세스 권한이 없습니다. (0xc0000022)
[1026/174942.458:ERROR:exception_snapshot_win.cc(99)] thread ID 5528 not found in process
[1028/174352.315:ERROR:process_reader_win.cc(123)] NtOpenThread: {액세스 거부} 프로세스가 개체에 액세스를 요구했지만 액세스 권한이 없습니다. (0xc0000022)
[1028/174352.316:ERROR:exception_snapshot_win.cc(99)] thread ID 14760 not found in process
[1028/174352.353:ERROR:process_info.cc(329)] VirtualQueryEx: 액세스가 거부되었습니다. (0x5)
[1028/174352.355:ERROR:process_info.cc(556)] ReadMemoryInfo failed
[1028/174352.355:ERROR:process_memory_win.cc(39)] Failed to initialize ProcessInfo.
[1028/174352.355:ERROR:scoped_process_suspend.cc(40)] NtResumeProcess: 기존 프로세스에 액세스하려고 했습니다. (0xc000010a)
[1028/175420.523:ERROR:directory_reader_win.cc(43)] FindFirstFile: 지정된 경로를 찾을 수 없습니다. (0x3)
[1029/175259.873:ERROR:directory_reader_win.cc(43)] FindFirstFile: 지정된 경로를 찾을 수 없습니다. (0x3)
[1104/123801.869:ERROR:directory_reader_win.cc(43)] FindFirstFile: 지정된 경로를 찾을 수 없습니다. (0x3)
[1105/174330.504:ERROR:process_reader_win.cc(123)] NtOpenThread: {액세스 거부} 프로세스가 개체에 액세스를 요구했지만 액세스 권한이 없습니다. (0xc0000022)
[1105/174330.505:ERROR:exception_snapshot_win.cc(99)] thread ID 16008 not found in process
[1105/174330.528:ERROR:process_info.cc(329)] VirtualQueryEx: 액세스가 거부되었습니다. (0x5)
[1105/174330.529:ERROR:process_info.cc(556)] ReadMemoryInfo failed
[1105/174330.529:ERROR:process_memory_win.cc(39)] Failed to initialize ProcessInfo.
[1105/174330.530:ERROR:scoped_process_suspend.cc(40)] NtResumeProcess: 기존 프로세스에 액세스하려고 했습니다. (0xc000010a)
[1105/174501.490:ERROR:process_reader_win.cc(123)] NtOpenThread: {액세스 거부} 프로세스가 개체에 액세스를 요구했지만 액세스 권한이 없습니다. (0xc0000022)
[1105/174501.491:ERROR:exception_snapshot_win.cc(99)] thread ID 20288 not found in process
[1105/174501.520:ERROR:process_info.cc(329)] VirtualQueryEx: 액세스가 거부되었습니다. (0x5)
[1105/174501.521:ERROR:process_info.cc(556)] ReadMemoryInfo failed
[1105/174501.521:ERROR:process_memory_win.cc(39)] Failed to initialize ProcessInfo.
[1105/174501.521:ERROR:scoped_process_suspend.cc(40)] NtResumeProcess: 기존 프로세스에 액세스하려고 했습니다. (0xc000010a)
[1105/175616.267:ERROR:directory_reader_win.cc(43)] FindFirstFile: 지정된 경로를 찾을 수 없습니다. (0x3)
[1109/175320.638:ERROR:directory_reader_win.cc(43)] FindFirstFile: 지정된 경로를 찾을 수 없습니다. (0x3)
[1111/175551.633:ERROR:directory_reader_win.cc(43)] FindFirstFile: 지정된 경로를 찾을 수 없습니다. (0x3)
[1116/112216.762:ERROR:process_reader_win.cc(123)] NtOpenThread: {액세스 거부} 프로세스가 개체에 액세스를 요구했지만 액세스 권한이 없습니다. (0xc0000022)
[1116/112216.763:ERROR:exception_snapshot_win.cc(99)] thread ID 1248 not found in process
[1116/112216.860:ERROR:process_reader_win.cc(123)] NtOpenThread: {액세스 거부} 프로세스가 개체에 액세스를 요구했지만 액세스 권한이 없습니다. (0xc0000022)
[1116/112216.860:ERROR:exception_snapshot_win.cc(99)] thread ID 13572 not found in process
[1127/175650.651:ERROR:directory_reader_win.cc(43)] FindFirstFile: 지정된 경로를 찾을 수 없습니다. (0x3)
[1201/135220.595:ERROR:directory_reader_win.cc(43)] FindFirstFile: 지정된 경로를 찾을 수 없습니다. (0x3)
[1202/123311.017:ERROR:directory_reader_win.cc(43)] FindFirstFile: 지정된 경로를 찾을 수 없습니다. (0x3)
[1202/125940.570:ERROR:process_reader_win.cc(123)] NtOpenThread: {액세스 거부} 프로세스가 개체에 액세스를 요구했지만 액세스 권한이 없습니다. (0xc0000022)
[1202/125940.571:ERROR:exception_snapshot_win.cc(99)] thread ID 19600 not found in process
[1202/125940.656:ERROR:process_reader_win.cc(123)] NtOpenThread: {액세스 거부} 프로세스가 개체에 액세스를 요구했지만 액세스 권한이 없습니다. (0xc0000022)
[1202/125940.656:ERROR:exception_snapshot_win.cc(99)] thread ID 19664 not found in process
[1208/175321.987:ERROR:directory_reader_win.cc(43)] FindFirstFile: 지정된 경로를 찾을 수 없습니다. (0x3)
[1221/141705.965:ERROR:directory_reader_win.cc(43)] FindFirstFile: 지정된 경로를 찾을 수 없습니다. (0x3)
[1228/175730.894:ERROR:directory_reader_win.cc(43)] FindFirstFile: 지정된 경로를 찾을 수 없습니다. (0x3)
[1229/134205.949:ERROR:process_reader_win.cc(151)] SuspendThread: 액세스가 거부되었습니다. (0x5)
[1229/134205.950:ERROR:process_reader_win.cc(151)] SuspendThread: 액세스가 거부되었습니다. (0x5)
[1229/134205.950:ERROR:process_reader_win.cc(151)] SuspendThread: 액세스가 거부되었습니다. (0x5)
[1229/134205.950:ERROR:process_reader_win.cc(151)] SuspendThread: 액세스가 거부되었습니다. (0x5)
[1229/134205.950:ERROR:process_reader_win.cc(151)] SuspendThread: 액세스가 거부되었습니다. (0x5)
[1229/134205.950:ERROR:process_reader_win.cc(151)] SuspendThread: 액세스가 거부되었습니다. (0x5)
[1229/134205.950:ERROR:process_reader_win.cc(151)] SuspendThread: 액세스가 거부되었습니다. (0x5)
[1229/134205.950:ERROR:process_reader_win.cc(151)] SuspendThread: 액세스가 거부되었습니다. (0x5)
[1229/134205.950:ERROR:process_reader_win.cc(151)] SuspendThread: 액세스가 거부되었습니다. (0x5)
[1229/134205.950:ERROR:process_reader_win.cc(151)] SuspendThread: 액세스가 거부되었습니다. (0x5)
[1229/134205.950:ERROR:process_reader_win.cc(151)] SuspendThread: 액세스가 거부되었습니다. (0x5)
[1229/134205.950:ERROR:process_reader_win.cc(151)] SuspendThread: 액세스가 거부되었습니다. (0x5)
[1229/134205.950:ERROR:process_reader_win.cc(151)] SuspendThread: 액세스가 거부되었습니다. (0x5)
[1229/134205.950:ERROR:process_reader_win.cc(151)] SuspendThread: 액세스가 거부되었습니다. (0x5)
[1229/134205.950:ERROR:process_reader_win.cc(151)] SuspendThread: 액세스가 거부되었습니다. (0x5)
[1229/134205.950:ERROR:process_reader_win.cc(123)] NtOpenThread: {액세스 거부} 프로세스가 개체에 액세스를 요구했지만 액세스 권한이 없습니다. (0xc0000022)
[1229/134205.951:ERROR:exception_snapshot_win.cc(99)] thread ID 7468 not found in process
[1229/134205.987:ERROR:process_reader_win.cc(151)] SuspendThread: 액세스가 거부되었습니다. (0x5)
[1229/134205.987:ERROR:process_reader_win.cc(151)] SuspendThread: 액세스가 거부되었습니다. (0x5)
[1229/134205.987:ERROR:process_reader_win.cc(151)] SuspendThread: 액세스가 거부되었습니다. (0x5)
[1229/134205.987:ERROR:process_reader_win.cc(151)] SuspendThread: 액세스가 거부되었습니다. (0x5)
[1229/134205.987:ERROR:process_reader_win.cc(151)] SuspendThread: 액세스가 거부되었습니다. (0x5)
[1229/134205.987:ERROR:process_reader_win.cc(123)] NtOpenThread: {액세스 거부} 프로세스가 개체에 액세스를 요구했지만 액세스 권한이 없습니다. (0xc0000022)
[1229/134205.987:ERROR:exception_snapshot_win.cc(99)] thread ID 12788 not found in process
[1229/135220.706:ERROR:directory_reader_win.cc(43)] FindFirstFile: 지정된 경로를 찾을 수 없습니다. (0x3)
[0104/174635.510:ERROR:process_reader_win.cc(151)] SuspendThread: 액세스가 거부되었습니다. (0x5)
[0104/174635.516:ERROR:process_reader_win.cc(151)] SuspendThread: 액세스가 거부되었습니다. (0x5)
[0104/174635.516:ERROR:process_reader_win.cc(123)] NtOpenThread: {액세스 거부} 프로세스가 개체에 액세스를 요구했지만 액세스 권한이 없습니다. (0xc0000022)
[0104/174635.516:ERROR:exception_snapshot_win.cc(99)] thread ID 15772 not found in process
[0106/123300.816:ERROR:directory_reader_win.cc(43)] FindFirstFile: 지정된 경로를 찾을 수 없습니다. (0x3)
[0111/135231.162:ERROR:directory_reader_win.cc(43)] FindFirstFile: 지정된 경로를 찾을 수 없습니다. (0x3)
